<?xml version="1.0" encoding="UTF-8"?>
<!-- Generated by org.testng.reporters.JUnitXMLReporter -->
<testsuite ignored="0" hostname="DESKTOP-LLLGMOJ" failures="2" tests="10" name="Test" time="24.453" errors="0" timestamp="2025-04-06T15:28:41 IST">
  <testcase classname="api.testcases.TestUserFlowWithPojo" name="testUserCreation" time="4.422"/>
  <testcase classname="api.testcases.TestUserFlowWithPojo" name="testCreatedUser" time="1.129"/>
  <testcase classname="api.testcases.TestUserFlowWithPojo" name="testUserUpdate" time="2.183">
    <failure type="java.lang.AssertionError" message="expected [200] but found [404]">
      <![CDATA[java.lang.AssertionError: expected [200] but found [404]
at api.testcases.TestUserFlowWithPojo.testUserUpdate(TestUserFlowWithPojo.java:54)
at java.base/java.util.ArrayList.forEach(ArrayList.java:1511)
... Removed 34 stack frames]]>
    </failure>
  </testcase> <!-- testUserUpdate -->
  <testcase classname="api.testcases.TestUserFlowWithPojo" name="testUserDeletion" time="1.121"/>
  <testcase classname="api.testcases.TestUserFlowWithDataProviderExcelData" name="testUserCreation" time="1.037"/>
  <testcase classname="api.testcases.TestUserFlowWithDataProviderExcelData" name="testUserCreation" time="1.031"/>
  <testcase classname="api.testcases.TestUserFlowWithDataProviderExcelData" name="testUserCreation" time="1.102"/>
  <testcase classname="api.testcases.TestUserFlowWithDataProviderExcelData" name="testDeleteUser" time="3.033"/>
  <testcase classname="api.testcases.TestUserFlowWithDataProviderExcelData" name="testDeleteUser" time="3.078">
    <failure type="java.lang.AssertionError" message="expected [200] but found [404]">
      <![CDATA[java.lang.AssertionError: expected [200] but found [404]
at api.testcases.TestUserFlowWithDataProviderExcelData.testDeleteUser(TestUserFlowWithDataProviderExcelData.java:34)
at java.base/java.util.ArrayList.forEach(ArrayList.java:1511)
... Removed 34 stack frames]]>
    </failure>
  </testcase> <!-- testDeleteUser -->
  <testcase classname="api.testcases.TestUserFlowWithDataProviderExcelData" name="testDeleteUser" time="3.087"/>
</testsuite> <!-- Test -->
