<?xml version="1.0" encoding="UTF-8"?>
<testng-results ignored="0" total="1" passed="1" failed="0" skipped="0">
  <reporter-output>
  </reporter-output>
  <suite started-at="2025-03-29T20:27:53 IST" name="Default suite" finished-at="2025-03-29T20:27:53 IST" duration-ms="103">
    <groups>
    </groups>
    <test started-at="2025-03-29T20:27:53 IST" name="Default test" finished-at="2025-03-29T20:27:53 IST" duration-ms="103">
      <class name="day1.jsonpractice.JSONFileops">
        <test-method signature="readJSONContentFromFile()[pri:0, instance:day1.jsonpractice.JSONFileops@8317c52]" started-at="2025-03-29T20:27:53 IST" name="readJSONContentFromFile" finished-at="2025-03-29T20:27:53 IST" duration-ms="17" status="PASS">
          <reporter-output>
          </reporter-output>
        </test-method> <!-- readJSONContentFromFile -->
      </class> <!-- day1.jsonpractice.JSONFileops -->
    </test> <!-- Default test -->
  </suite> <!-- Default suite -->
</testng-results>
