<?xml version="1.0" encoding="UTF-8"?>
<!-- Generated by org.testng.reporters.JUnitXMLReporter -->
<testsuite ignored="2" hostname="DESKTOP-LLLGMOJ" failures="0" tests="1" name="Default test" time="3.809" errors="0" timestamp="2025-03-30T16:38:03 IST">
  <testcase classname="day2.apiautomation.Example2" name="tc7_deleteUser" time="3.746"/>
  <testcase classname="day2.apiautomation.Example2" name="tc5_getUserList" time="0.0">
    <ignored/>
  </testcase> <!-- tc5_getUserList -->
  <testcase classname="day2.apiautomation.Example2" name="tc6_updateUser" time="0.0">
    <ignored/>
  </testcase> <!-- tc6_updateUser -->
</testsuite> <!-- Default test -->
