<?xml version="1.0" encoding="UTF-8"?>
<!-- Generated by org.testng.reporters.JUnitXMLReporter -->
<testsuite ignored="1" hostname="DESKTOP-LLLGMOJ" failures="0" tests="1" name="Default test" time="0.103" errors="0" timestamp="2025-03-29T20:27:53 IST">
  <testcase classname="day1.jsonpractice.JSONFileops" name="readJSONContentFromFile" time="0.017"/>
  <testcase classname="day1.jsonpractice.JSONFileops" name="writeContentIntoJSONFile" time="0.0">
    <ignored/>
  </testcase> <!-- writeContentIntoJSONFile -->
</testsuite> <!-- Default test -->
